<?xml version="1.0" encoding="UTF-8"?>
<!-- Generated by org.testng.reporters.JUnitReportReporter -->
<testsuite hostname="HCESS5CG8452BWV" failures="0" tests="1" name="test.SearchProduct" time="20.186" errors="0" timestamp="2023-05-26T00:07:29 CEST" skipped="0">
  <testcase classname="test.SearchProduct" name="search_product_window" time="20.186"/>
  <system-out/>
</testsuite> <!-- test.SearchProduct -->
