<?xml version="1.0" encoding="UTF-8"?>
<!-- Generated by org.testng.reporters.JUnitReportReporter -->
<testsuite hostname="HCESS5CG8452BWV" failures="0" tests="1" name="test.go_to_amazon" time="4.486" errors="0" timestamp="2023-05-29T10:58:18 CEST" skipped="0">
  <testcase classname="test.go_to_amazon" name="goToAmazon" time="4.486"/>
  <system-out/>
</testsuite> <!-- test.go_to_amazon -->
