<?xml version="1.0" encoding="UTF-8"?>
<!-- Generated by org.testng.reporters.JUnitReportReporter -->
<testsuite hostname="HICL0N2WE1" failures="0" tests="1" name="test.go_to_amazon" time="7.972" errors="0" timestamp="2023-06-07T13:24:07 EEST" skipped="0">
  <testcase classname="test.go_to_amazon" name="goToAmazon" time="7.972"/>
</testsuite> <!-- test.go_to_amazon -->
