<?xml version="1.0" encoding="UTF-8"?>
<!-- Generated by org.testng.reporters.JUnitReportReporter -->
<testsuite hostname="HCESS5CG8452BWV" failures="0" tests="2" name="test.trending" time="9.783" errors="0" timestamp="2023-05-29T10:58:18 CEST" skipped="0">
  <testcase classname="test.trending" name="trendProducts" time="3.620"/>
  <system-out/>
  <testcase classname="test.trending" name="GetTrendProducts" time="6.163"/>
  <system-out/>
</testsuite> <!-- test.trending -->
