<?xml version="1.0" encoding="UTF-8"?>
<!-- Generated by org.testng.reporters.JUnitReportReporter -->
<testsuite hostname="HCESS5CG8452BWV" failures="0" tests="1" name="test.Login" time="5.255" errors="0" timestamp="2023-05-26T00:07:29 CEST" skipped="0">
  <testcase classname="test.Login" name="logear" time="5.255"/>
  <system-out/>
</testsuite> <!-- test.Login -->
